<?xml version="1.0" encoding="UTF-8"?>
<!-- Generated by org.testng.reporters.JUnitXMLReporter -->
<testsuite hostname="DESKTOP-IM24CK1" ignored="0" name="Test" tests="3" failures="1" timestamp="17 May 2021 07:19:48 GMT" time="144.934" errors="0">
  <testcase name="validLoginLogout" time="11.391" classname="com_ActiTime_Test.ValidLoginLogoutTest"/>
  <testcase name="invalidLogin" time="8.843" classname="com_ActiTime_Test.InvalidLoginTest"/>
  <testcase name="verifyVersion" time="0.566" classname="com_ActiTime_Test.VerifyVersionTest">
    <failure type="java.lang.AssertionError" message="The following asserts failed:
	expected [actiTIME 2020] but found [actiTIME 2020 Online]">
      <![CDATA[java.lang.AssertionError: The following asserts failed:
expected [actiTIME 2020] but found [actiTIME 2020 Online]
at com_ActiTime_Test.VerifyVersionTest.verifyVersion(VerifyVersionTest.java:24)
... Removed 26 stack frames]]>
    </failure>
  </testcase> <!-- verifyVersion -->
</testsuite> <!-- Test -->
