<?xml version="1.0" encoding="UTF-8"?>
<!-- Generated by org.testng.reporters.JUnitXMLReporter -->
<testsuite hostname="DESKTOP-IM24CK1" ignored="0" name="Test(failed)" tests="1" failures="1" timestamp="12 May 2021 07:31:27 GMT" time="21.257" errors="0">
  <testcase name="verifyVersion" time="2.233" classname="com_ActiTime_Test.VerifyVersionTest">
    <failure type="java.lang.AssertionError" message="The following asserts failed:
	expected [actiTIME 2020] but found [actiTIME 2020 Online]">
      <![CDATA[java.lang.AssertionError: The following asserts failed:
expected [actiTIME 2020] but found [actiTIME 2020 Online]
at com_ActiTime_Test.VerifyVersionTest.verifyVersion(VerifyVersionTest.java:24)
... Removed 26 stack frames]]>
    </failure>
  </testcase> <!-- verifyVersion -->
</testsuite> <!-- Test(failed) -->
