<?xml version="1.0" encoding="UTF-8"?>
<testng-results skipped="1" failed="6" ignored="0" total="9" passed="2">
  <reporter-output>
    <line>
      <![CDATA[The matching is = actiTIME - Login]]>
    </line>
    <line>
      <![CDATA[The matching is = actiTIME - Enter Time-Track]]>
    </line>
    <line>
      <![CDATA[The matching is = actiTIME - Login]]>
    </line>
    <line>
      <![CDATA[The matching is = actiTIME - Login]]>
    </line>
    <line>
      <![CDATA[The matching is = actiTIME - Login]]>
    </line>
    <line>
      <![CDATA[The User name = admin]]>
    </line>
    <line>
      <![CDATA[The matching is = actiTIME - Enter Time-Track]]>
    </line>
    <line>
      <![CDATA[The matching is = actiTIME - Login]]>
    </line>
    <line>
      <![CDATA[The User name = admin]]>
    </line>
    <line>
      <![CDATA[The Password = damager]]>
    </line>
    <line>
      <![CDATA[Element is present...]]>
    </line>
    <line>
      <![CDATA[===================================]]>
    </line>
    <line>
      <![CDATA[The User name = admins]]>
    </line>
    <line>
      <![CDATA[The Password = manager]]>
    </line>
    <line>
      <![CDATA[Element is present...]]>
    </line>
    <line>
      <![CDATA[The Password = damager]]>
    </line>
    <line>
      <![CDATA[The matching is = actiTIME - Login]]>
    </line>
    <line>
      <![CDATA[The User name = admin]]>
    </line>
    <line>
      <![CDATA[The Password = damager]]>
    </line>
    <line>
      <![CDATA[The matching is = actiTIME - Login]]>
    </line>
    <line>
      <![CDATA[Element is present...]]>
    </line>
    <line>
      <![CDATA[The actual version = actiTIME 2020 Online]]>
    </line>
    <line>
      <![CDATA[Element is present...]]>
    </line>
    <line>
      <![CDATA[===================================]]>
    </line>
    <line>
      <![CDATA[The User name = admins]]>
    </line>
    <line>
      <![CDATA[The Password = manager]]>
    </line>
    <line>
      <![CDATA[Element is present...]]>
    </line>
    <line>
      <![CDATA[===================================]]>
    </line>
    <line>
      <![CDATA[The User name = #23]]>
    </line>
    <line>
      <![CDATA[The Password = #4]]>
    </line>
    <line>
      <![CDATA[Element is present...]]>
    </line>
    <line>
      <![CDATA[===================================]]>
    </line>
    <line>
      <![CDATA[Element is present...]]>
    </line>
    <line>
      <![CDATA[===================================]]>
    </line>
    <line>
      <![CDATA[The User name = admins]]>
    </line>
    <line>
      <![CDATA[The matching is = actiTIME - Login]]>
    </line>
    <line>
      <![CDATA[Element is present...]]>
    </line>
    <line>
      <![CDATA[The actual version = actiTIME 2020 Online]]>
    </line>
    <line>
      <![CDATA[The Password = manager]]>
    </line>
    <line>
      <![CDATA[Element is present...]]>
    </line>
    <line>
      <![CDATA[===================================]]>
    </line>
    <line>
      <![CDATA[The User name = #23]]>
    </line>
    <line>
      <![CDATA[The Password = #4]]>
    </line>
    <line>
      <![CDATA[Element is not present...]]>
    </line>
    <line>
      <![CDATA[The matching is = actiTIME - Login]]>
    </line>
    <line>
      <![CDATA[Element is present...]]>
    </line>
    <line>
      <![CDATA[The actual version = actiTIME 2020 Online]]>
    </line>
  </reporter-output>
  <suite name="Suite" duration-ms="266040" started-at="2021-05-17T07:27:44Z" finished-at="2021-05-17T07:32:10Z">
    <groups>
    </groups>
    <test name="ChromeTest" duration-ms="113526" started-at="2021-05-17T07:27:44Z" finished-at="2021-05-17T07:29:37Z">
      <class name="com_ActiTime_Test.InvalidLoginTest">
        <test-method status="PASS" signature="precondition(java.lang.String, java.lang.String, java.lang.String)[pri:0, instance:com_ActiTime_Test.InvalidLoginTest@59f99ea]" name="precondition" is-config="true" duration-ms="19813" started-at="2021-05-17T07:28:29Z" finished-at="2021-05-17T07:28:49Z">
          <params>
            <param index="0">
              <value>
                <![CDATA[http://192.168.1.100:4444/wd/hub]]>
              </value>
            </param>
            <param index="1">
              <value>
                <![CDATA[chrome]]>
              </value>
            </param>
            <param index="2">
              <value>
                <![CDATA[https://demo.actitime.com/]]>
              </value>
            </param>
          </params>
          <reporter-output>
          </reporter-output>
        </test-method> <!-- precondition -->
        <test-method status="FAIL" signature="invalidLogin()[pri:2, instance:com_ActiTime_Test.InvalidLoginTest@59f99ea]" name="invalidLogin" duration-ms="9147" started-at="2021-05-17T07:28:49Z" finished-at="2021-05-17T07:28:58Z">
          <exception class="org.openqa.selenium.StaleElementReferenceException">
            <message>
              <![CDATA[stale element reference: element is not attached to the page document
  (Session info: chrome=90.0.4430.212)
For documentation on this error, please visit: https://www.seleniumhq.org/exceptions/stale_element_reference.html
Build info: version: '3.141.59', revision: 'e82be7d358', time: '2018-11-14T08:25:53'
System info: host: 'DESKTOP-IM24CK1', ip: '192.168.1.100', os.name: 'Windows 10', os.arch: 'amd64', os.version: '10.0', java.version: '1.8.0_261'
Driver info: org.openqa.selenium.remote.RemoteWebDriver
Capabilities {acceptInsecureCerts: false, browserName: chrome, browserVersion: 90.0.4430.212, chrome: {chromedriverVersion: 90.0.4430.24 (4c6d850f087da..., userDataDir: C:\Users\Admin\AppData\Loca...}, goog:chromeOptions: {debuggerAddress: localhost:59443}, javascriptEnabled: true, networkConnectionEnabled: false, pageLoadStrategy: normal, platform: WINDOWS, platformName: WINDOWS, proxy: Proxy(), setWindowRect: true, strictFileInteractability: false, timeouts: {implicit: 0, pageLoad: 300000, script: 30000}, unhandledPromptBehavior: dismiss and notify, webauthn:extension:largeBlob: true, webauthn:virtualAuthenticators: true, webdriver.remote.sessionid: 7120bb29c129f4c275c762ae5c1...}
Session ID: 7120bb29c129f4c275c762ae5c1eaa1d]]>
            </message>
            <full-stacktrace>
              <![CDATA[org.openqa.selenium.StaleElementReferenceException: stale element reference: element is not attached to the page document
  (Session info: chrome=90.0.4430.212)
For documentation on this error, please visit: https://www.seleniumhq.org/exceptions/stale_element_reference.html
Build info: version: '3.141.59', revision: 'e82be7d358', time: '2018-11-14T08:25:53'
System info: host: 'DESKTOP-IM24CK1', ip: '192.168.1.100', os.name: 'Windows 10', os.arch: 'amd64', os.version: '10.0', java.version: '1.8.0_261'
Driver info: org.openqa.selenium.remote.RemoteWebDriver
Capabilities {acceptInsecureCerts: false, browserName: chrome, browserVersion: 90.0.4430.212, chrome: {chromedriverVersion: 90.0.4430.24 (4c6d850f087da..., userDataDir: C:\Users\Admin\AppData\Loca...}, goog:chromeOptions: {debuggerAddress: localhost:59443}, javascriptEnabled: true, networkConnectionEnabled: false, pageLoadStrategy: normal, platform: WINDOWS, platformName: WINDOWS, proxy: Proxy(), setWindowRect: true, strictFileInteractability: false, timeouts: {implicit: 0, pageLoad: 300000, script: 30000}, unhandledPromptBehavior: dismiss and notify, webauthn:extension:largeBlob: true, webauthn:virtualAuthenticators: true, webdriver.remote.sessionid: 7120bb29c129f4c275c762ae5c1...}
Session ID: 7120bb29c129f4c275c762ae5c1eaa1d
at sun.reflect.NativeConstructorAccessorImpl.newInstance0(Native Method)
at sun.reflect.NativeConstructorAccessorImpl.newInstance(Unknown Source)
at sun.reflect.DelegatingConstructorAccessorImpl.newInstance(Unknown Source)
at java.lang.reflect.Constructor.newInstance(Unknown Source)
at org.openqa.selenium.remote.http.W3CHttpResponseCodec.createException(W3CHttpResponseCodec.java:187)
at org.openqa.selenium.remote.http.W3CHttpResponseCodec.decode(W3CHttpResponseCodec.java:122)
at org.openqa.selenium.remote.http.W3CHttpResponseCodec.decode(W3CHttpResponseCodec.java:49)
at org.openqa.selenium.remote.HttpCommandExecutor.execute(HttpCommandExecutor.java:158)
at org.openqa.selenium.remote.RemoteWebDriver.execute(RemoteWebDriver.java:552)
at org.openqa.selenium.remote.RemoteWebElement.execute(RemoteWebElement.java:285)
at org.openqa.selenium.remote.RemoteWebElement.getText(RemoteWebElement.java:166)
at sun.reflect.NativeMethodAccessorImpl.invoke0(Native Method)
at sun.reflect.NativeMethodAccessorImpl.invoke(Unknown Source)
at sun.reflect.DelegatingMethodAccessorImpl.invoke(Unknown Source)
at java.lang.reflect.Method.invoke(Unknown Source)
at org.openqa.selenium.support.pagefactory.internal.LocatingElementHandler.invoke(LocatingElementHandler.java:51)
at com.sun.proxy.$Proxy10.getText(Unknown Source)
at com_ActiTime_page.ActiTIMELoginPage.verifyErrorMessage(ActiTIMELoginPage.java:51)
at com_ActiTime_Test.InvalidLoginTest.invalidLogin(InvalidLoginTest.java:29)
at sun.reflect.NativeMethodAccessorImpl.invoke0(Native Method)
at sun.reflect.NativeMethodAccessorImpl.invoke(Unknown Source)
at sun.reflect.DelegatingMethodAccessorImpl.invoke(Unknown Source)
at java.lang.reflect.Method.invoke(Unknown Source)
at org.testng.internal.MethodInvocationHelper.invokeMethod(MethodInvocationHelper.java:124)
at org.testng.internal.Invoker.invokeMethod(Invoker.java:583)
at org.testng.internal.Invoker.invokeTestMethod(Invoker.java:719)
at org.testng.internal.Invoker.invokeTestMethods(Invoker.java:989)
at org.testng.internal.TestMethodWorker.invokeTestMethods(TestMethodWorker.java:125)
at org.testng.internal.TestMethodWorker.run(TestMethodWorker.java:109)
at org.testng.TestRunner.privateRun(TestRunner.java:648)
at org.testng.TestRunner.run(TestRunner.java:505)
at org.testng.SuiteRunner.runTest(SuiteRunner.java:455)
at org.testng.SuiteRunner.access$000(SuiteRunner.java:40)
at org.testng.SuiteRunner$SuiteWorker.run(SuiteRunner.java:489)
at org.testng.internal.thread.ThreadUtil$1.call(ThreadUtil.java:52)
at java.util.concurrent.FutureTask.run(Unknown Source)
at java.util.concurrent.ThreadPoolExecutor.runWorker(Unknown Source)
at java.util.concurrent.ThreadPoolExecutor$Worker.run(Unknown Source)
at java.lang.Thread.run(Unknown Source)
]]>
            </full-stacktrace>
          </exception> <!-- org.openqa.selenium.StaleElementReferenceException -->
          <reporter-output>
            <line>
              <![CDATA[The matching is = actiTIME - Login]]>
            </line>
            <line>
              <![CDATA[The User name = admin]]>
            </line>
            <line>
              <![CDATA[The Password = damager]]>
            </line>
            <line>
              <![CDATA[Element is present...]]>
            </line>
            <line>
              <![CDATA[===================================]]>
            </line>
            <line>
              <![CDATA[The User name = admins]]>
            </line>
            <line>
              <![CDATA[The Password = manager]]>
            </line>
            <line>
              <![CDATA[Element is present...]]>
            </line>
          </reporter-output>
        </test-method> <!-- invalidLogin -->
        <test-method status="PASS" signature="postcondition(org.testng.ITestResult)[pri:0, instance:com_ActiTime_Test.InvalidLoginTest@59f99ea]" name="postcondition" is-config="true" duration-ms="1343" started-at="2021-05-17T07:28:58Z" finished-at="2021-05-17T07:29:00Z">
          <params>
            <param index="0">
              <value>
                <![CDATA[[TestResult name=invalidLogin status=FAILURE method=InvalidLoginTest.invalidLogin()[pri:2, instance:com_ActiTime_Test.InvalidLoginTest@59f99ea] output=The matching is = actiTIME - Login]]]>
              </value>
            </param>
          </params>
          <reporter-output>
          </reporter-output>
        </test-method> <!-- postcondition -->
      </class> <!-- com_ActiTime_Test.InvalidLoginTest -->
      <class name="com_ActiTime_Test.VerifyVersionTest">
        <test-method status="PASS" signature="precondition(java.lang.String, java.lang.String, java.lang.String)[pri:0, instance:com_ActiTime_Test.VerifyVersionTest@6f7fd0e6]" name="precondition" is-config="true" duration-ms="36651" started-at="2021-05-17T07:29:00Z" finished-at="2021-05-17T07:29:36Z">
          <params>
            <param index="0">
              <value>
                <![CDATA[http://192.168.1.100:4444/wd/hub]]>
              </value>
            </param>
            <param index="1">
              <value>
                <![CDATA[chrome]]>
              </value>
            </param>
            <param index="2">
              <value>
                <![CDATA[https://demo.actitime.com/]]>
              </value>
            </param>
          </params>
          <reporter-output>
          </reporter-output>
        </test-method> <!-- precondition -->
        <test-method status="FAIL" signature="verifyVersion()[pri:3, instance:com_ActiTime_Test.VerifyVersionTest@6f7fd0e6]" name="verifyVersion" duration-ms="524" started-at="2021-05-17T07:29:36Z" finished-at="2021-05-17T07:29:37Z">
          <exception class="java.lang.AssertionError">
            <message>
              <![CDATA[The following asserts failed:
expected [actiTIME 2020] but found [actiTIME 2020 Online]]]>
            </message>
            <full-stacktrace>
              <![CDATA[java.lang.AssertionError: The following asserts failed:
expected [actiTIME 2020] but found [actiTIME 2020 Online]
at org.testng.asserts.SoftAssert.assertAll(SoftAssert.java:43)
at com_ActiTime_Test.VerifyVersionTest.verifyVersion(VerifyVersionTest.java:24)
at sun.reflect.NativeMethodAccessorImpl.invoke0(Native Method)
at sun.reflect.NativeMethodAccessorImpl.invoke(Unknown Source)
at sun.reflect.DelegatingMethodAccessorImpl.invoke(Unknown Source)
at java.lang.reflect.Method.invoke(Unknown Source)
at org.testng.internal.MethodInvocationHelper.invokeMethod(MethodInvocationHelper.java:124)
at org.testng.internal.Invoker.invokeMethod(Invoker.java:583)
at org.testng.internal.Invoker.invokeTestMethod(Invoker.java:719)
at org.testng.internal.Invoker.invokeTestMethods(Invoker.java:989)
at org.testng.internal.TestMethodWorker.invokeTestMethods(TestMethodWorker.java:125)
at org.testng.internal.TestMethodWorker.run(TestMethodWorker.java:109)
at org.testng.TestRunner.privateRun(TestRunner.java:648)
at org.testng.TestRunner.run(TestRunner.java:505)
at org.testng.SuiteRunner.runTest(SuiteRunner.java:455)
at org.testng.SuiteRunner.access$000(SuiteRunner.java:40)
at org.testng.SuiteRunner$SuiteWorker.run(SuiteRunner.java:489)
at org.testng.internal.thread.ThreadUtil$1.call(ThreadUtil.java:52)
at java.util.concurrent.FutureTask.run(Unknown Source)
at java.util.concurrent.ThreadPoolExecutor.runWorker(Unknown Source)
at java.util.concurrent.ThreadPoolExecutor$Worker.run(Unknown Source)
at java.lang.Thread.run(Unknown Source)
]]>
            </full-stacktrace>
          </exception> <!-- java.lang.AssertionError -->
          <reporter-output>
            <line>
              <![CDATA[The matching is = actiTIME - Login]]>
            </line>
            <line>
              <![CDATA[Element is present...]]>
            </line>
            <line>
              <![CDATA[The actual version = actiTIME 2020 Online]]>
            </line>
          </reporter-output>
        </test-method> <!-- verifyVersion -->
        <test-method status="PASS" signature="postcondition(org.testng.ITestResult)[pri:0, instance:com_ActiTime_Test.VerifyVersionTest@6f7fd0e6]" name="postcondition" is-config="true" duration-ms="632" started-at="2021-05-17T07:29:37Z" finished-at="2021-05-17T07:29:37Z">
          <params>
            <param index="0">
              <value>
                <![CDATA[[TestResult name=verifyVersion status=FAILURE method=VerifyVersionTest.verifyVersion()[pri:3, instance:com_ActiTime_Test.VerifyVersionTest@6f7fd0e6] output=The matching is = actiTIME - Login]]]>
              </value>
            </param>
          </params>
          <reporter-output>
          </reporter-output>
        </test-method> <!-- postcondition -->
      </class> <!-- com_ActiTime_Test.VerifyVersionTest -->
      <class name="com_ActiTime_Test.ValidLoginLogoutTest">
        <test-method status="PASS" signature="precondition(java.lang.String, java.lang.String, java.lang.String)[pri:0, instance:com_ActiTime_Test.ValidLoginLogoutTest@27efef64]" name="precondition" is-config="true" duration-ms="20189" started-at="2021-05-17T07:27:44Z" finished-at="2021-05-17T07:28:04Z">
          <params>
            <param index="0">
              <value>
                <![CDATA[http://192.168.1.100:4444/wd/hub]]>
              </value>
            </param>
            <param index="1">
              <value>
                <![CDATA[chrome]]>
              </value>
            </param>
            <param index="2">
              <value>
                <![CDATA[https://demo.actitime.com/]]>
              </value>
            </param>
          </params>
          <reporter-output>
          </reporter-output>
        </test-method> <!-- precondition -->
        <test-method status="PASS" signature="validLoginLogout()[pri:1, instance:com_ActiTime_Test.ValidLoginLogoutTest@27efef64]" name="validLoginLogout" duration-ms="20817" started-at="2021-05-17T07:28:04Z" finished-at="2021-05-17T07:28:25Z">
          <reporter-output>
            <line>
              <![CDATA[The matching is = actiTIME - Login]]>
            </line>
            <line>
              <![CDATA[The matching is = actiTIME - Enter Time-Track]]>
            </line>
            <line>
              <![CDATA[The matching is = actiTIME - Login]]>
            </line>
          </reporter-output>
        </test-method> <!-- validLoginLogout -->
        <test-method status="PASS" signature="postcondition(org.testng.ITestResult)[pri:0, instance:com_ActiTime_Test.ValidLoginLogoutTest@27efef64]" name="postcondition" is-config="true" duration-ms="4358" started-at="2021-05-17T07:28:25Z" finished-at="2021-05-17T07:28:29Z">
          <params>
            <param index="0">
              <value>
                <![CDATA[[TestResult name=validLoginLogout status=SUCCESS method=ValidLoginLogoutTest.validLoginLogout()[pri:1, instance:com_ActiTime_Test.ValidLoginLogoutTest@27efef64] output=The matching is = actiTIME - Login]]]>
              </value>
            </param>
          </params>
          <reporter-output>
          </reporter-output>
        </test-method> <!-- postcondition -->
      </class> <!-- com_ActiTime_Test.ValidLoginLogoutTest -->
    </test> <!-- ChromeTest -->
    <test name="FirefoxTest" duration-ms="157334" started-at="2021-05-17T07:27:44Z" finished-at="2021-05-17T07:30:21Z">
      <class name="com_ActiTime_Test.InvalidLoginTest">
        <test-method status="PASS" signature="precondition(java.lang.String, java.lang.String, java.lang.String)[pri:0, instance:com_ActiTime_Test.InvalidLoginTest@f6c48ac]" name="precondition" is-config="true" duration-ms="49521" started-at="2021-05-17T07:28:44Z" finished-at="2021-05-17T07:29:34Z">
          <params>
            <param index="0">
              <value>
                <![CDATA[http://192.168.1.100:4444/wd/hub]]>
              </value>
            </param>
            <param index="1">
              <value>
                <![CDATA[firefox]]>
              </value>
            </param>
            <param index="2">
              <value>
                <![CDATA[https://demo.actitime.com/]]>
              </value>
            </param>
          </params>
          <reporter-output>
          </reporter-output>
        </test-method> <!-- precondition -->
        <test-method status="PASS" signature="invalidLogin()[pri:2, instance:com_ActiTime_Test.InvalidLoginTest@f6c48ac]" name="invalidLogin" duration-ms="11441" started-at="2021-05-17T07:29:34Z" finished-at="2021-05-17T07:29:45Z">
          <reporter-output>
            <line>
              <![CDATA[The matching is = actiTIME - Login]]>
            </line>
            <line>
              <![CDATA[The User name = admin]]>
            </line>
            <line>
              <![CDATA[The Password = damager]]>
            </line>
            <line>
              <![CDATA[Element is present...]]>
            </line>
            <line>
              <![CDATA[===================================]]>
            </line>
            <line>
              <![CDATA[The User name = admins]]>
            </line>
            <line>
              <![CDATA[The Password = manager]]>
            </line>
            <line>
              <![CDATA[Element is present...]]>
            </line>
            <line>
              <![CDATA[===================================]]>
            </line>
            <line>
              <![CDATA[The User name = #23]]>
            </line>
            <line>
              <![CDATA[The Password = #4]]>
            </line>
            <line>
              <![CDATA[Element is present...]]>
            </line>
            <line>
              <![CDATA[===================================]]>
            </line>
          </reporter-output>
        </test-method> <!-- invalidLogin -->
        <test-method status="PASS" signature="postcondition(org.testng.ITestResult)[pri:0, instance:com_ActiTime_Test.InvalidLoginTest@f6c48ac]" name="postcondition" is-config="true" duration-ms="3002" started-at="2021-05-17T07:29:45Z" finished-at="2021-05-17T07:29:48Z">
          <params>
            <param index="0">
              <value>
                <![CDATA[[TestResult name=invalidLogin status=SUCCESS method=InvalidLoginTest.invalidLogin()[pri:2, instance:com_ActiTime_Test.InvalidLoginTest@f6c48ac] output=The matching is = actiTIME - Login]]]>
              </value>
            </param>
          </params>
          <reporter-output>
          </reporter-output>
        </test-method> <!-- postcondition -->
      </class> <!-- com_ActiTime_Test.InvalidLoginTest -->
      <class name="com_ActiTime_Test.VerifyVersionTest">
        <test-method status="PASS" signature="precondition(java.lang.String, java.lang.String, java.lang.String)[pri:0, instance:com_ActiTime_Test.VerifyVersionTest@239963d8]" name="precondition" is-config="true" duration-ms="30412" started-at="2021-05-17T07:29:48Z" finished-at="2021-05-17T07:30:19Z">
          <params>
            <param index="0">
              <value>
                <![CDATA[http://192.168.1.100:4444/wd/hub]]>
              </value>
            </param>
            <param index="1">
              <value>
                <![CDATA[firefox]]>
              </value>
            </param>
            <param index="2">
              <value>
                <![CDATA[https://demo.actitime.com/]]>
              </value>
            </param>
          </params>
          <reporter-output>
          </reporter-output>
        </test-method> <!-- precondition -->
        <test-method status="FAIL" signature="verifyVersion()[pri:3, instance:com_ActiTime_Test.VerifyVersionTest@239963d8]" name="verifyVersion" duration-ms="264" started-at="2021-05-17T07:30:19Z" finished-at="2021-05-17T07:30:19Z">
          <exception class="java.lang.AssertionError">
            <message>
              <![CDATA[The following asserts failed:
expected [actiTIME 2020] but found [actiTIME 2020 Online]]]>
            </message>
            <full-stacktrace>
              <![CDATA[java.lang.AssertionError: The following asserts failed:
expected [actiTIME 2020] but found [actiTIME 2020 Online]
at org.testng.asserts.SoftAssert.assertAll(SoftAssert.java:43)
at com_ActiTime_Test.VerifyVersionTest.verifyVersion(VerifyVersionTest.java:24)
at sun.reflect.NativeMethodAccessorImpl.invoke0(Native Method)
at sun.reflect.NativeMethodAccessorImpl.invoke(Unknown Source)
at sun.reflect.DelegatingMethodAccessorImpl.invoke(Unknown Source)
at java.lang.reflect.Method.invoke(Unknown Source)
at org.testng.internal.MethodInvocationHelper.invokeMethod(MethodInvocationHelper.java:124)
at org.testng.internal.Invoker.invokeMethod(Invoker.java:583)
at org.testng.internal.Invoker.invokeTestMethod(Invoker.java:719)
at org.testng.internal.Invoker.invokeTestMethods(Invoker.java:989)
at org.testng.internal.TestMethodWorker.invokeTestMethods(TestMethodWorker.java:125)
at org.testng.internal.TestMethodWorker.run(TestMethodWorker.java:109)
at org.testng.TestRunner.privateRun(TestRunner.java:648)
at org.testng.TestRunner.run(TestRunner.java:505)
at org.testng.SuiteRunner.runTest(SuiteRunner.java:455)
at org.testng.SuiteRunner.access$000(SuiteRunner.java:40)
at org.testng.SuiteRunner$SuiteWorker.run(SuiteRunner.java:489)
at org.testng.internal.thread.ThreadUtil$1.call(ThreadUtil.java:52)
at java.util.concurrent.FutureTask.run(Unknown Source)
at java.util.concurrent.ThreadPoolExecutor.runWorker(Unknown Source)
at java.util.concurrent.ThreadPoolExecutor$Worker.run(Unknown Source)
at java.lang.Thread.run(Unknown Source)
]]>
            </full-stacktrace>
          </exception> <!-- java.lang.AssertionError -->
          <reporter-output>
            <line>
              <![CDATA[The matching is = actiTIME - Login]]>
            </line>
            <line>
              <![CDATA[Element is present...]]>
            </line>
            <line>
              <![CDATA[The actual version = actiTIME 2020 Online]]>
            </line>
          </reporter-output>
        </test-method> <!-- verifyVersion -->
        <test-method status="PASS" signature="postcondition(org.testng.ITestResult)[pri:0, instance:com_ActiTime_Test.VerifyVersionTest@239963d8]" name="postcondition" is-config="true" duration-ms="2422" started-at="2021-05-17T07:30:19Z" finished-at="2021-05-17T07:30:21Z">
          <params>
            <param index="0">
              <value>
                <![CDATA[[TestResult name=verifyVersion status=FAILURE method=VerifyVersionTest.verifyVersion()[pri:3, instance:com_ActiTime_Test.VerifyVersionTest@239963d8] output=The matching is = actiTIME - Login]]]>
              </value>
            </param>
          </params>
          <reporter-output>
          </reporter-output>
        </test-method> <!-- postcondition -->
      </class> <!-- com_ActiTime_Test.VerifyVersionTest -->
      <class name="com_ActiTime_Test.ValidLoginLogoutTest">
        <test-method status="PASS" signature="precondition(java.lang.String, java.lang.String, java.lang.String)[pri:0, instance:com_ActiTime_Test.ValidLoginLogoutTest@13deb50e]" name="precondition" is-config="true" duration-ms="41943" started-at="2021-05-17T07:27:44Z" finished-at="2021-05-17T07:28:26Z">
          <params>
            <param index="0">
              <value>
                <![CDATA[http://192.168.1.100:4444/wd/hub]]>
              </value>
            </param>
            <param index="1">
              <value>
                <![CDATA[firefox]]>
              </value>
            </param>
            <param index="2">
              <value>
                <![CDATA[https://demo.actitime.com/]]>
              </value>
            </param>
          </params>
          <reporter-output>
          </reporter-output>
        </test-method> <!-- precondition -->
        <test-method status="FAIL" signature="validLoginLogout()[pri:1, instance:com_ActiTime_Test.ValidLoginLogoutTest@13deb50e]" name="validLoginLogout" duration-ms="8253" started-at="2021-05-17T07:28:26Z" finished-at="2021-05-17T07:28:34Z">
          <exception class="org.openqa.selenium.ElementClickInterceptedException">
            <message>
              <![CDATA[Element <a id="logoutLink" class="logout" href="/logout.do"> is not clickable at point (1309,17) because another element <div id="preInsertedTransformedMoireId" class="transformedMoireClass"> obscures it
Build info: version: '3.141.59', revision: 'e82be7d358', time: '2018-11-14T08:25:53'
System info: host: 'DESKTOP-IM24CK1', ip: '192.168.1.100', os.name: 'Windows 10', os.arch: 'amd64', os.version: '10.0', java.version: '1.8.0_261'
Driver info: org.openqa.selenium.remote.RemoteWebDriver
Capabilities {acceptInsecureCerts: false, browserName: firefox, browserVersion: 88.0.1, javascriptEnabled: true, moz:accessibilityChecks: false, moz:buildID: 20210504152106, moz:geckodriverVersion: 0.29.1, moz:headless: false, moz:processID: 31552, moz:profile: C:\Users\Admin\AppData\Loca..., moz:shutdownTimeout: 60000, moz:useNonSpecCompliantPointerOrigin: false, moz:webdriverClick: true, pageLoadStrategy: normal, platform: WINDOWS, platformName: WINDOWS, platformVersion: 10.0, rotatable: false, setWindowRect: true, strictFileInteractability: false, timeouts: {implicit: 0, pageLoad: 300000, script: 30000}, unhandledPromptBehavior: dismiss and notify, webdriver.remote.sessionid: 58141fce-4057-4c82-876f-991...}
Session ID: 58141fce-4057-4c82-876f-9913ac07cfff]]>
            </message>
            <full-stacktrace>
              <![CDATA[org.openqa.selenium.ElementClickInterceptedException: Element <a id="logoutLink" class="logout" href="/logout.do"> is not clickable at point (1309,17) because another element <div id="preInsertedTransformedMoireId" class="transformedMoireClass"> obscures it
Build info: version: '3.141.59', revision: 'e82be7d358', time: '2018-11-14T08:25:53'
System info: host: 'DESKTOP-IM24CK1', ip: '192.168.1.100', os.name: 'Windows 10', os.arch: 'amd64', os.version: '10.0', java.version: '1.8.0_261'
Driver info: org.openqa.selenium.remote.RemoteWebDriver
Capabilities {acceptInsecureCerts: false, browserName: firefox, browserVersion: 88.0.1, javascriptEnabled: true, moz:accessibilityChecks: false, moz:buildID: 20210504152106, moz:geckodriverVersion: 0.29.1, moz:headless: false, moz:processID: 31552, moz:profile: C:\Users\Admin\AppData\Loca..., moz:shutdownTimeout: 60000, moz:useNonSpecCompliantPointerOrigin: false, moz:webdriverClick: true, pageLoadStrategy: normal, platform: WINDOWS, platformName: WINDOWS, platformVersion: 10.0, rotatable: false, setWindowRect: true, strictFileInteractability: false, timeouts: {implicit: 0, pageLoad: 300000, script: 30000}, unhandledPromptBehavior: dismiss and notify, webdriver.remote.sessionid: 58141fce-4057-4c82-876f-991...}
Session ID: 58141fce-4057-4c82-876f-9913ac07cfff
at sun.reflect.NativeConstructorAccessorImpl.newInstance0(Native Method)
at sun.reflect.NativeConstructorAccessorImpl.newInstance(Unknown Source)
at sun.reflect.DelegatingConstructorAccessorImpl.newInstance(Unknown Source)
at java.lang.reflect.Constructor.newInstance(Unknown Source)
at org.openqa.selenium.remote.http.W3CHttpResponseCodec.createException(W3CHttpResponseCodec.java:187)
at org.openqa.selenium.remote.http.W3CHttpResponseCodec.decode(W3CHttpResponseCodec.java:122)
at org.openqa.selenium.remote.http.W3CHttpResponseCodec.decode(W3CHttpResponseCodec.java:49)
at org.openqa.selenium.remote.HttpCommandExecutor.execute(HttpCommandExecutor.java:158)
at org.openqa.selenium.remote.RemoteWebDriver.execute(RemoteWebDriver.java:552)
at org.openqa.selenium.remote.RemoteWebElement.execute(RemoteWebElement.java:285)
at org.openqa.selenium.remote.RemoteWebElement.click(RemoteWebElement.java:84)
at sun.reflect.NativeMethodAccessorImpl.invoke0(Native Method)
at sun.reflect.NativeMethodAccessorImpl.invoke(Unknown Source)
at sun.reflect.DelegatingMethodAccessorImpl.invoke(Unknown Source)
at java.lang.reflect.Method.invoke(Unknown Source)
at org.openqa.selenium.support.pagefactory.internal.LocatingElementHandler.invoke(LocatingElementHandler.java:51)
at com.sun.proxy.$Proxy10.click(Unknown Source)
at com_ActiTime_page.ActiTIMEEnterTimeTrackPage.clickOnLogoutButton(ActiTIMEEnterTimeTrackPage.java:24)
at com_ActiTime_Test.ValidLoginLogoutTest.validLoginLogout(ValidLoginLogoutTest.java:31)
at sun.reflect.NativeMethodAccessorImpl.invoke0(Native Method)
at sun.reflect.NativeMethodAccessorImpl.invoke(Unknown Source)
at sun.reflect.DelegatingMethodAccessorImpl.invoke(Unknown Source)
at java.lang.reflect.Method.invoke(Unknown Source)
at org.testng.internal.MethodInvocationHelper.invokeMethod(MethodInvocationHelper.java:124)
at org.testng.internal.Invoker.invokeMethod(Invoker.java:583)
at org.testng.internal.Invoker.invokeTestMethod(Invoker.java:719)
at org.testng.internal.Invoker.invokeTestMethods(Invoker.java:989)
at org.testng.internal.TestMethodWorker.invokeTestMethods(TestMethodWorker.java:125)
at org.testng.internal.TestMethodWorker.run(TestMethodWorker.java:109)
at org.testng.TestRunner.privateRun(TestRunner.java:648)
at org.testng.TestRunner.run(TestRunner.java:505)
at org.testng.SuiteRunner.runTest(SuiteRunner.java:455)
at org.testng.SuiteRunner.access$000(SuiteRunner.java:40)
at org.testng.SuiteRunner$SuiteWorker.run(SuiteRunner.java:489)
at org.testng.internal.thread.ThreadUtil$1.call(ThreadUtil.java:52)
at java.util.concurrent.FutureTask.run(Unknown Source)
at java.util.concurrent.ThreadPoolExecutor.runWorker(Unknown Source)
at java.util.concurrent.ThreadPoolExecutor$Worker.run(Unknown Source)
at java.lang.Thread.run(Unknown Source)
]]>
            </full-stacktrace>
          </exception> <!-- org.openqa.selenium.ElementClickInterceptedException -->
          <reporter-output>
            <line>
              <![CDATA[The matching is = actiTIME - Login]]>
            </line>
            <line>
              <![CDATA[The matching is = actiTIME - Enter Time-Track]]>
            </line>
          </reporter-output>
        </test-method> <!-- validLoginLogout -->
        <test-method status="PASS" signature="postcondition(org.testng.ITestResult)[pri:0, instance:com_ActiTime_Test.ValidLoginLogoutTest@13deb50e]" name="postcondition" is-config="true" duration-ms="10024" started-at="2021-05-17T07:28:34Z" finished-at="2021-05-17T07:28:44Z">
          <params>
            <param index="0">
              <value>
                <![CDATA[[TestResult name=validLoginLogout status=FAILURE method=ValidLoginLogoutTest.validLoginLogout()[pri:1, instance:com_ActiTime_Test.ValidLoginLogoutTest@13deb50e] output=The matching is = actiTIME - Login]]]>
              </value>
            </param>
          </params>
          <reporter-output>
          </reporter-output>
        </test-method> <!-- postcondition -->
      </class> <!-- com_ActiTime_Test.ValidLoginLogoutTest -->
    </test> <!-- FirefoxTest -->
    <test name="IETest" duration-ms="266040" started-at="2021-05-17T07:27:44Z" finished-at="2021-05-17T07:32:10Z">
      <class name="com_ActiTime_Test.InvalidLoginTest">
        <test-method status="PASS" signature="precondition(java.lang.String, java.lang.String, java.lang.String)[pri:0, instance:com_ActiTime_Test.InvalidLoginTest@5f341870]" name="precondition" is-config="true" duration-ms="33815" started-at="2021-05-17T07:27:55Z" finished-at="2021-05-17T07:28:29Z">
          <params>
            <param index="0">
              <value>
                <![CDATA[http://192.168.1.100:4444/wd/hub]]>
              </value>
            </param>
            <param index="1">
              <value>
                <![CDATA[internet explorer]]>
              </value>
            </param>
            <param index="2">
              <value>
                <![CDATA[https://demo.actitime.com/]]>
              </value>
            </param>
          </params>
          <reporter-output>
          </reporter-output>
        </test-method> <!-- precondition -->
        <test-method status="FAIL" signature="invalidLogin()[pri:2, instance:com_ActiTime_Test.InvalidLoginTest@5f341870]" name="invalidLogin" duration-ms="211407" started-at="2021-05-17T07:28:29Z" finished-at="2021-05-17T07:32:00Z">
          <exception class="java.lang.AssertionError">
            <message>
              <![CDATA[null]]>
            </message>
            <full-stacktrace>
              <![CDATA[java.lang.AssertionError: null
at org.testng.Assert.fail(Assert.java:96)
at org.testng.Assert.fail(Assert.java:103)
at com_ActiTime_Generic.BasePage.verifyElement(BasePage.java:45)
at com_ActiTime_page.ActiTIMELoginPage.verifyErrorMessage(ActiTIMELoginPage.java:50)
at com_ActiTime_Test.InvalidLoginTest.invalidLogin(InvalidLoginTest.java:29)
at sun.reflect.NativeMethodAccessorImpl.invoke0(Native Method)
at sun.reflect.NativeMethodAccessorImpl.invoke(Unknown Source)
at sun.reflect.DelegatingMethodAccessorImpl.invoke(Unknown Source)
at java.lang.reflect.Method.invoke(Unknown Source)
at org.testng.internal.MethodInvocationHelper.invokeMethod(MethodInvocationHelper.java:124)
at org.testng.internal.Invoker.invokeMethod(Invoker.java:583)
at org.testng.internal.Invoker.invokeTestMethod(Invoker.java:719)
at org.testng.internal.Invoker.invokeTestMethods(Invoker.java:989)
at org.testng.internal.TestMethodWorker.invokeTestMethods(TestMethodWorker.java:125)
at org.testng.internal.TestMethodWorker.run(TestMethodWorker.java:109)
at org.testng.TestRunner.privateRun(TestRunner.java:648)
at org.testng.TestRunner.run(TestRunner.java:505)
at org.testng.SuiteRunner.runTest(SuiteRunner.java:455)
at org.testng.SuiteRunner.access$000(SuiteRunner.java:40)
at org.testng.SuiteRunner$SuiteWorker.run(SuiteRunner.java:489)
at org.testng.internal.thread.ThreadUtil$1.call(ThreadUtil.java:52)
at java.util.concurrent.FutureTask.run(Unknown Source)
at java.util.concurrent.ThreadPoolExecutor.runWorker(Unknown Source)
at java.util.concurrent.ThreadPoolExecutor$Worker.run(Unknown Source)
at java.lang.Thread.run(Unknown Source)
]]>
            </full-stacktrace>
          </exception> <!-- java.lang.AssertionError -->
          <reporter-output>
            <line>
              <![CDATA[The matching is = actiTIME - Login]]>
            </line>
            <line>
              <![CDATA[The User name = admin]]>
            </line>
            <line>
              <![CDATA[The Password = damager]]>
            </line>
            <line>
              <![CDATA[Element is present...]]>
            </line>
            <line>
              <![CDATA[===================================]]>
            </line>
            <line>
              <![CDATA[The User name = admins]]>
            </line>
            <line>
              <![CDATA[The Password = manager]]>
            </line>
            <line>
              <![CDATA[Element is present...]]>
            </line>
            <line>
              <![CDATA[===================================]]>
            </line>
            <line>
              <![CDATA[The User name = #23]]>
            </line>
            <line>
              <![CDATA[The Password = #4]]>
            </line>
            <line>
              <![CDATA[Element is not present...]]>
            </line>
          </reporter-output>
        </test-method> <!-- invalidLogin -->
        <test-method status="PASS" signature="postcondition(org.testng.ITestResult)[pri:0, instance:com_ActiTime_Test.InvalidLoginTest@5f341870]" name="postcondition" is-config="true" duration-ms="274" started-at="2021-05-17T07:32:00Z" finished-at="2021-05-17T07:32:00Z">
          <params>
            <param index="0">
              <value>
                <![CDATA[[TestResult name=invalidLogin status=FAILURE method=InvalidLoginTest.invalidLogin()[pri:2, instance:com_ActiTime_Test.InvalidLoginTest@5f341870] output=The matching is = actiTIME - Login]]]>
              </value>
            </param>
          </params>
          <reporter-output>
          </reporter-output>
        </test-method> <!-- postcondition -->
      </class> <!-- com_ActiTime_Test.InvalidLoginTest -->
      <class name="com_ActiTime_Test.VerifyVersionTest">
        <test-method status="PASS" signature="precondition(java.lang.String, java.lang.String, java.lang.String)[pri:0, instance:com_ActiTime_Test.VerifyVersionTest@4f7d0008]" name="precondition" is-config="true" duration-ms="7681" started-at="2021-05-17T07:32:00Z" finished-at="2021-05-17T07:32:08Z">
          <params>
            <param index="0">
              <value>
                <![CDATA[http://192.168.1.100:4444/wd/hub]]>
              </value>
            </param>
            <param index="1">
              <value>
                <![CDATA[internet explorer]]>
              </value>
            </param>
            <param index="2">
              <value>
                <![CDATA[https://demo.actitime.com/]]>
              </value>
            </param>
          </params>
          <reporter-output>
          </reporter-output>
        </test-method> <!-- precondition -->
        <test-method status="FAIL" signature="verifyVersion()[pri:3, instance:com_ActiTime_Test.VerifyVersionTest@4f7d0008]" name="verifyVersion" duration-ms="1408" started-at="2021-05-17T07:32:08Z" finished-at="2021-05-17T07:32:09Z">
          <exception class="java.lang.AssertionError">
            <message>
              <![CDATA[The following asserts failed:
expected [actiTIME 2020] but found [actiTIME 2020 Online]]]>
            </message>
            <full-stacktrace>
              <![CDATA[java.lang.AssertionError: The following asserts failed:
expected [actiTIME 2020] but found [actiTIME 2020 Online]
at org.testng.asserts.SoftAssert.assertAll(SoftAssert.java:43)
at com_ActiTime_Test.VerifyVersionTest.verifyVersion(VerifyVersionTest.java:24)
at sun.reflect.NativeMethodAccessorImpl.invoke0(Native Method)
at sun.reflect.NativeMethodAccessorImpl.invoke(Unknown Source)
at sun.reflect.DelegatingMethodAccessorImpl.invoke(Unknown Source)
at java.lang.reflect.Method.invoke(Unknown Source)
at org.testng.internal.MethodInvocationHelper.invokeMethod(MethodInvocationHelper.java:124)
at org.testng.internal.Invoker.invokeMethod(Invoker.java:583)
at org.testng.internal.Invoker.invokeTestMethod(Invoker.java:719)
at org.testng.internal.Invoker.invokeTestMethods(Invoker.java:989)
at org.testng.internal.TestMethodWorker.invokeTestMethods(TestMethodWorker.java:125)
at org.testng.internal.TestMethodWorker.run(TestMethodWorker.java:109)
at org.testng.TestRunner.privateRun(TestRunner.java:648)
at org.testng.TestRunner.run(TestRunner.java:505)
at org.testng.SuiteRunner.runTest(SuiteRunner.java:455)
at org.testng.SuiteRunner.access$000(SuiteRunner.java:40)
at org.testng.SuiteRunner$SuiteWorker.run(SuiteRunner.java:489)
at org.testng.internal.thread.ThreadUtil$1.call(ThreadUtil.java:52)
at java.util.concurrent.FutureTask.run(Unknown Source)
at java.util.concurrent.ThreadPoolExecutor.runWorker(Unknown Source)
at java.util.concurrent.ThreadPoolExecutor$Worker.run(Unknown Source)
at java.lang.Thread.run(Unknown Source)
]]>
            </full-stacktrace>
          </exception> <!-- java.lang.AssertionError -->
          <reporter-output>
            <line>
              <![CDATA[The matching is = actiTIME - Login]]>
            </line>
            <line>
              <![CDATA[Element is present...]]>
            </line>
            <line>
              <![CDATA[The actual version = actiTIME 2020 Online]]>
            </line>
          </reporter-output>
        </test-method> <!-- verifyVersion -->
        <test-method status="PASS" signature="postcondition(org.testng.ITestResult)[pri:0, instance:com_ActiTime_Test.VerifyVersionTest@4f7d0008]" name="postcondition" is-config="true" duration-ms="726" started-at="2021-05-17T07:32:09Z" finished-at="2021-05-17T07:32:10Z">
          <params>
            <param index="0">
              <value>
                <![CDATA[[TestResult name=verifyVersion status=FAILURE method=VerifyVersionTest.verifyVersion()[pri:3, instance:com_ActiTime_Test.VerifyVersionTest@4f7d0008] output=The matching is = actiTIME - Login]]]>
              </value>
            </param>
          </params>
          <reporter-output>
          </reporter-output>
        </test-method> <!-- postcondition -->
      </class> <!-- com_ActiTime_Test.VerifyVersionTest -->
      <class name="com_ActiTime_Test.ValidLoginLogoutTest">
        <test-method status="FAIL" signature="precondition(java.lang.String, java.lang.String, java.lang.String)[pri:0, instance:com_ActiTime_Test.ValidLoginLogoutTest@553f17c]" name="precondition" is-config="true" duration-ms="10603" started-at="2021-05-17T07:27:44Z" finished-at="2021-05-17T07:27:55Z">
          <params>
            <param index="0">
              <value>
                <![CDATA[http://192.168.1.100:4444/wd/hub]]>
              </value>
            </param>
            <param index="1">
              <value>
                <![CDATA[internet explorer]]>
              </value>
            </param>
            <param index="2">
              <value>
                <![CDATA[https://demo.actitime.com/]]>
              </value>
            </param>
          </params>
          <exception class="org.openqa.selenium.WebDriverException">
            <message>
              <![CDATA[Failed to navigate to https://demo.actitime.com/. This usually means that a call to the COM method IWebBrowser2::Navigate2() failed. The error returned is: Received error: 0x800700aa ['The requested resource is in use.']
Build info: version: '3.141.59', revision: 'e82be7d358', time: '2018-11-14T08:25:53'
System info: host: 'DESKTOP-IM24CK1', ip: '192.168.1.100', os.name: 'Windows 10', os.arch: 'amd64', os.version: '10.0', java.version: '1.8.0_261'
Driver info: org.openqa.selenium.remote.RemoteWebDriver
Capabilities {acceptInsecureCerts: false, browserName: internet explorer, browserVersion: 11, javascriptEnabled: true, pageLoadStrategy: normal, platform: WINDOWS, platformName: WINDOWS, proxy: Proxy(), se:ieOptions: {browserAttachTimeout: 0, elementScrollBehavior: 0, enablePersistentHover: true, ie.browserCommandLineSwitches: , ie.edgechromium: false, ie.edgepath: , ie.ensureCleanSession: false, ie.fileUploadDialogTimeout: 3000, ie.forceCreateProcessApi: false, ignoreProtectedModeSettings: false, ignoreZoomSetting: false, initialBrowserUrl: http://localhost:39695/, nativeEvents: true, requireWindowFocus: false}, setWindowRect: true, strictFileInteractability: false, timeouts: {implicit: 0, pageLoad: 300000, script: 30000}, unhandledPromptBehavior: dismiss and notify, webdriver.remote.sessionid: 13deacce-1b8e-4a6e-92d2-b28...}
Session ID: 13deacce-1b8e-4a6e-92d2-b28cd2ff3817]]>
            </message>
            <full-stacktrace>
              <![CDATA[org.openqa.selenium.WebDriverException: Failed to navigate to https://demo.actitime.com/. This usually means that a call to the COM method IWebBrowser2::Navigate2() failed. The error returned is: Received error: 0x800700aa ['The requested resource is in use.']
Build info: version: '3.141.59', revision: 'e82be7d358', time: '2018-11-14T08:25:53'
System info: host: 'DESKTOP-IM24CK1', ip: '192.168.1.100', os.name: 'Windows 10', os.arch: 'amd64', os.version: '10.0', java.version: '1.8.0_261'
Driver info: org.openqa.selenium.remote.RemoteWebDriver
Capabilities {acceptInsecureCerts: false, browserName: internet explorer, browserVersion: 11, javascriptEnabled: true, pageLoadStrategy: normal, platform: WINDOWS, platformName: WINDOWS, proxy: Proxy(), se:ieOptions: {browserAttachTimeout: 0, elementScrollBehavior: 0, enablePersistentHover: true, ie.browserCommandLineSwitches: , ie.edgechromium: false, ie.edgepath: , ie.ensureCleanSession: false, ie.fileUploadDialogTimeout: 3000, ie.forceCreateProcessApi: false, ignoreProtectedModeSettings: false, ignoreZoomSetting: false, initialBrowserUrl: http://localhost:39695/, nativeEvents: true, requireWindowFocus: false}, setWindowRect: true, strictFileInteractability: false, timeouts: {implicit: 0, pageLoad: 300000, script: 30000}, unhandledPromptBehavior: dismiss and notify, webdriver.remote.sessionid: 13deacce-1b8e-4a6e-92d2-b28...}
Session ID: 13deacce-1b8e-4a6e-92d2-b28cd2ff3817
at sun.reflect.NativeConstructorAccessorImpl.newInstance0(Native Method)
at sun.reflect.NativeConstructorAccessorImpl.newInstance(Unknown Source)
at sun.reflect.DelegatingConstructorAccessorImpl.newInstance(Unknown Source)
at java.lang.reflect.Constructor.newInstance(Unknown Source)
at org.openqa.selenium.remote.http.W3CHttpResponseCodec.createException(W3CHttpResponseCodec.java:187)
at org.openqa.selenium.remote.http.W3CHttpResponseCodec.decode(W3CHttpResponseCodec.java:122)
at org.openqa.selenium.remote.http.W3CHttpResponseCodec.decode(W3CHttpResponseCodec.java:49)
at org.openqa.selenium.remote.HttpCommandExecutor.execute(HttpCommandExecutor.java:158)
at org.openqa.selenium.remote.RemoteWebDriver.execute(RemoteWebDriver.java:552)
at org.openqa.selenium.remote.RemoteWebDriver.get(RemoteWebDriver.java:277)
at com_ActiTime_Generic.BaseTest.precondition(BaseTest.java:31)
at sun.reflect.NativeMethodAccessorImpl.invoke0(Native Method)
at sun.reflect.NativeMethodAccessorImpl.invoke(Unknown Source)
at sun.reflect.DelegatingMethodAccessorImpl.invoke(Unknown Source)
at java.lang.reflect.Method.invoke(Unknown Source)
at org.testng.internal.MethodInvocationHelper.invokeMethod(MethodInvocationHelper.java:124)
at org.testng.internal.MethodInvocationHelper.invokeMethodConsideringTimeout(MethodInvocationHelper.java:59)
at org.testng.internal.Invoker.invokeConfigurationMethod(Invoker.java:458)
at org.testng.internal.Invoker.invokeConfigurations(Invoker.java:222)
at org.testng.internal.Invoker.invokeMethod(Invoker.java:523)
at org.testng.internal.Invoker.invokeTestMethod(Invoker.java:719)
at org.testng.internal.Invoker.invokeTestMethods(Invoker.java:989)
at org.testng.internal.TestMethodWorker.invokeTestMethods(TestMethodWorker.java:125)
at org.testng.internal.TestMethodWorker.run(TestMethodWorker.java:109)
at org.testng.TestRunner.privateRun(TestRunner.java:648)
at org.testng.TestRunner.run(TestRunner.java:505)
at org.testng.SuiteRunner.runTest(SuiteRunner.java:455)
at org.testng.SuiteRunner.access$000(SuiteRunner.java:40)
at org.testng.SuiteRunner$SuiteWorker.run(SuiteRunner.java:489)
at org.testng.internal.thread.ThreadUtil$1.call(ThreadUtil.java:52)
at java.util.concurrent.FutureTask.run(Unknown Source)
at java.util.concurrent.ThreadPoolExecutor.runWorker(Unknown Source)
at java.util.concurrent.ThreadPoolExecutor$Worker.run(Unknown Source)
at java.lang.Thread.run(Unknown Source)
]]>
            </full-stacktrace>
          </exception> <!-- org.openqa.selenium.WebDriverException -->
          <reporter-output>
          </reporter-output>
        </test-method> <!-- precondition -->
        <test-method status="SKIP" signature="validLoginLogout()[pri:1, instance:com_ActiTime_Test.ValidLoginLogoutTest@553f17c]" name="validLoginLogout" duration-ms="0" started-at="2021-05-17T07:27:55Z" finished-at="2021-05-17T07:27:55Z">
          <exception class="org.openqa.selenium.WebDriverException">
            <message>
              <![CDATA[Failed to navigate to https://demo.actitime.com/. This usually means that a call to the COM method IWebBrowser2::Navigate2() failed. The error returned is: Received error: 0x800700aa ['The requested resource is in use.']
Build info: version: '3.141.59', revision: 'e82be7d358', time: '2018-11-14T08:25:53'
System info: host: 'DESKTOP-IM24CK1', ip: '192.168.1.100', os.name: 'Windows 10', os.arch: 'amd64', os.version: '10.0', java.version: '1.8.0_261'
Driver info: org.openqa.selenium.remote.RemoteWebDriver
Capabilities {acceptInsecureCerts: false, browserName: internet explorer, browserVersion: 11, javascriptEnabled: true, pageLoadStrategy: normal, platform: WINDOWS, platformName: WINDOWS, proxy: Proxy(), se:ieOptions: {browserAttachTimeout: 0, elementScrollBehavior: 0, enablePersistentHover: true, ie.browserCommandLineSwitches: , ie.edgechromium: false, ie.edgepath: , ie.ensureCleanSession: false, ie.fileUploadDialogTimeout: 3000, ie.forceCreateProcessApi: false, ignoreProtectedModeSettings: false, ignoreZoomSetting: false, initialBrowserUrl: http://localhost:39695/, nativeEvents: true, requireWindowFocus: false}, setWindowRect: true, strictFileInteractability: false, timeouts: {implicit: 0, pageLoad: 300000, script: 30000}, unhandledPromptBehavior: dismiss and notify, webdriver.remote.sessionid: 13deacce-1b8e-4a6e-92d2-b28...}
Session ID: 13deacce-1b8e-4a6e-92d2-b28cd2ff3817]]>
            </message>
            <full-stacktrace>
              <![CDATA[org.openqa.selenium.WebDriverException: Failed to navigate to https://demo.actitime.com/. This usually means that a call to the COM method IWebBrowser2::Navigate2() failed. The error returned is: Received error: 0x800700aa ['The requested resource is in use.']
Build info: version: '3.141.59', revision: 'e82be7d358', time: '2018-11-14T08:25:53'
System info: host: 'DESKTOP-IM24CK1', ip: '192.168.1.100', os.name: 'Windows 10', os.arch: 'amd64', os.version: '10.0', java.version: '1.8.0_261'
Driver info: org.openqa.selenium.remote.RemoteWebDriver
Capabilities {acceptInsecureCerts: false, browserName: internet explorer, browserVersion: 11, javascriptEnabled: true, pageLoadStrategy: normal, platform: WINDOWS, platformName: WINDOWS, proxy: Proxy(), se:ieOptions: {browserAttachTimeout: 0, elementScrollBehavior: 0, enablePersistentHover: true, ie.browserCommandLineSwitches: , ie.edgechromium: false, ie.edgepath: , ie.ensureCleanSession: false, ie.fileUploadDialogTimeout: 3000, ie.forceCreateProcessApi: false, ignoreProtectedModeSettings: false, ignoreZoomSetting: false, initialBrowserUrl: http://localhost:39695/, nativeEvents: true, requireWindowFocus: false}, setWindowRect: true, strictFileInteractability: false, timeouts: {implicit: 0, pageLoad: 300000, script: 30000}, unhandledPromptBehavior: dismiss and notify, webdriver.remote.sessionid: 13deacce-1b8e-4a6e-92d2-b28...}
Session ID: 13deacce-1b8e-4a6e-92d2-b28cd2ff3817
at sun.reflect.NativeConstructorAccessorImpl.newInstance0(Native Method)
at sun.reflect.NativeConstructorAccessorImpl.newInstance(Unknown Source)
at sun.reflect.DelegatingConstructorAccessorImpl.newInstance(Unknown Source)
at java.lang.reflect.Constructor.newInstance(Unknown Source)
at org.openqa.selenium.remote.http.W3CHttpResponseCodec.createException(W3CHttpResponseCodec.java:187)
at org.openqa.selenium.remote.http.W3CHttpResponseCodec.decode(W3CHttpResponseCodec.java:122)
at org.openqa.selenium.remote.http.W3CHttpResponseCodec.decode(W3CHttpResponseCodec.java:49)
at org.openqa.selenium.remote.HttpCommandExecutor.execute(HttpCommandExecutor.java:158)
at org.openqa.selenium.remote.RemoteWebDriver.execute(RemoteWebDriver.java:552)
at org.openqa.selenium.remote.RemoteWebDriver.get(RemoteWebDriver.java:277)
at com_ActiTime_Generic.BaseTest.precondition(BaseTest.java:31)
at sun.reflect.NativeMethodAccessorImpl.invoke0(Native Method)
at sun.reflect.NativeMethodAccessorImpl.invoke(Unknown Source)
at sun.reflect.DelegatingMethodAccessorImpl.invoke(Unknown Source)
at java.lang.reflect.Method.invoke(Unknown Source)
at org.testng.internal.MethodInvocationHelper.invokeMethod(MethodInvocationHelper.java:124)
at org.testng.internal.MethodInvocationHelper.invokeMethodConsideringTimeout(MethodInvocationHelper.java:59)
at org.testng.internal.Invoker.invokeConfigurationMethod(Invoker.java:458)
at org.testng.internal.Invoker.invokeConfigurations(Invoker.java:222)
at org.testng.internal.Invoker.invokeMethod(Invoker.java:523)
at org.testng.internal.Invoker.invokeTestMethod(Invoker.java:719)
at org.testng.internal.Invoker.invokeTestMethods(Invoker.java:989)
at org.testng.internal.TestMethodWorker.invokeTestMethods(TestMethodWorker.java:125)
at org.testng.internal.TestMethodWorker.run(TestMethodWorker.java:109)
at org.testng.TestRunner.privateRun(TestRunner.java:648)
at org.testng.TestRunner.run(TestRunner.java:505)
at org.testng.SuiteRunner.runTest(SuiteRunner.java:455)
at org.testng.SuiteRunner.access$000(SuiteRunner.java:40)
at org.testng.SuiteRunner$SuiteWorker.run(SuiteRunner.java:489)
at org.testng.internal.thread.ThreadUtil$1.call(ThreadUtil.java:52)
at java.util.concurrent.FutureTask.run(Unknown Source)
at java.util.concurrent.ThreadPoolExecutor.runWorker(Unknown Source)
at java.util.concurrent.ThreadPoolExecutor$Worker.run(Unknown Source)
at java.lang.Thread.run(Unknown Source)
]]>
            </full-stacktrace>
          </exception> <!-- org.openqa.selenium.WebDriverException -->
          <reporter-output>
          </reporter-output>
        </test-method> <!-- validLoginLogout -->
        <test-method status="SKIP" signature="postcondition(org.testng.ITestResult)[pri:0, instance:com_ActiTime_Test.ValidLoginLogoutTest@553f17c]" name="postcondition" is-config="true" duration-ms="0" started-at="2021-05-17T07:27:55Z" finished-at="2021-05-17T07:27:55Z">
          <reporter-output>
          </reporter-output>
        </test-method> <!-- postcondition -->
      </class> <!-- com_ActiTime_Test.ValidLoginLogoutTest -->
    </test> <!-- IETest -->
  </suite> <!-- Suite -->
</testng-results>
